<?xml version="1.0" encoding="UTF-8"?>
<testng-results ignored="0" total="1" passed="1" failed="0" skipped="0">
  <reporter-output>
  </reporter-output>
  <suite started-at="2020-05-28T17:26:44 IST" name="Suite" finished-at="2020-05-28T17:27:29 IST" duration-ms="45153">
    <groups>
    </groups>
    <test started-at="2020-05-28T17:26:44 IST" name="Test" finished-at="2020-05-28T17:27:29 IST" duration-ms="45153">
      <class name="TestCases.TC_Slidder_008">
        <test-method is-config="true" signature="Setup(java.lang.String)[pri:0, instance:TestCases.TC_Slidder_008@56528192]" started-at="2020-05-28T17:26:45 IST" name="Setup" finished-at="2020-05-28T17:27:05 IST" duration-ms="20085" status="PASS">
          <params>
            <param index="0">
              <value>
                <![CDATA[Chrome]]>
              </value>
            </param>
          </params>
          <reporter-output>
          </reporter-output>
        </test-method> <!-- Setup -->
        <test-method signature="SlidderAction()[pri:0, instance:TestCases.TC_Slidder_008@56528192]" started-at="2020-05-28T17:27:05 IST" name="SlidderAction" finished-at="2020-05-28T17:27:24 IST" duration-ms="18634" status="PASS">
          <reporter-output>
          </reporter-output>
        </test-method> <!-- SlidderAction -->
        <test-method is-config="true" signature="tearDown()[pri:0, instance:TestCases.TC_Slidder_008@56528192]" started-at="2020-05-28T17:27:24 IST" name="tearDown" finished-at="2020-05-28T17:27:29 IST" duration-ms="5004" status="PASS">
          <reporter-output>
          </reporter-output>
        </test-method> <!-- tearDown -->
      </class> <!-- TestCases.TC_Slidder_008 -->
    </test> <!-- Test -->
  </suite> <!-- Suite -->
</testng-results>
